<?xml version="1.0" encoding="UTF-8"?>
<!-- Generated by org.testng.reporters.JUnitXMLReporter -->
<testsuite ignored="0" hostname="Mateusz" failures="0" tests="4" name="Surefire test" time="16.34" errors="0" timestamp="2023-08-31T16:09:53 CEST">
  <testcase classname="pl.globallogic.configuration.SeleniumConfigurationVerificationTest" name="shouldNavigateToGoogleComAndVerifyPageTitle" time="5.232"/>
  <testcase classname="pl.globallogic.configuration.TestNGConfigurationVerificationTest" name="shouldAlwaysBeTrue" time="0.002"/>
  <testcase classname="pl.globallogic.etsy.features.SearchFeatureVerificationTest" name="shouldDisplayNotFoundPageForInvalidQuery" time="3.521"/>
  <testcase classname="pl.globallogic.etsy.features.SearchFeatureVerificationTest" name="shouldDisplaySearchResultsForValidQuery" time="4.701"/>
</testsuite> <!-- Surefire test -->
