<?xml version="1.0" encoding="UTF-8"?>
<!-- Generated by org.testng.reporters.JUnitXMLReporter -->
<testsuite ignored="0" hostname="Mateusz" failures="0" tests="11" name="Surefire test" time="52.675" errors="0" timestamp="2023-09-01T15:27:56 CEST">
  <testcase classname="pl.globallogic.configuration.SeleniumConfigurationVerificationTest" name="shouldNavigateToGoogleComAndVerifyPageTitle" time="4.375"/>
  <testcase classname="pl.globallogic.configuration.TestNGConfigurationVerificationTest" name="shouldAlwaysBeTrue" time="0.001"/>
  <testcase classname="pl.globallogic.etsy.features.SearchFeatureVerificationTest" name="shouldDisplayNotFoundPageForInvalidQuery" time="4.786"/>
  <testcase classname="pl.globallogic.etsy.features.SearchFeatureVerificationTest" name="shouldDisplaySearchResultsForValidQuery" time="5.554"/>
  <testcase classname="pl.globallogic.etsy.features.SearchResultFilteringFeatureTest" name="colorSelectionOptionShouldBeAvailableInItemDetailsViewAfterFilteringByColor" time="0.0"/>
  <testcase classname="pl.globallogic.etsy.features.SearchResultFilteringFeatureTest" name="freeShippingTagNeedToBePresentAfterFiltering" time="0.001"/>
  <testcase classname="pl.globallogic.etsy.features.SearchResultFilteringFeatureTest" name="searchResultPageContentNotChangedIfFilterApplicationCanceled" time="0.0"/>
  <testcase classname="pl.globallogic.etsy.features.SearchResultFilteringFeatureTest" name="searchResultPriceFitPriceRangeAfterFiltering" time="0.0"/>
  <testcase classname="pl.globallogic.etsy.wdcapatibilities.DrawCanvasDemoTest" name="shouldDrawCircleInCanvas" time="12.371"/>
  <testcase classname="pl.globallogic.etsy.wdcapatibilities.TimeoutDemoTest" name="shouldWaitForLandingPageImageToBeVisible" time="8.53"/>
  <testcase classname="pl.globallogic.etsy.wdcapatibilities.TimeoutDemoTest" name="shouldWaitUntilCalculationResultWillBePresent" time="11.232"/>
</testsuite> <!-- Surefire test -->
