<?xml version="1.0" encoding="UTF-8"?>
<testsuite name="etsy-ui-automation-with-selenium"
           tests="4"
           failures="0"
           errors="0"
           skipped="0"
           time="0,002">
  <properties />
  
  
            <testcase name="freeShippingTagNeedToBePresentAfterFiltering" time="0,000" classname="pl.globallogic.etsy.features.SearchResultFilteringTest" />
                <testcase name="filteredShippingCountryShouldBePresentInShippingDestinationOptions" time="0,000" classname="pl.globallogic.etsy.features.SearchResultFilteringTest" />
                <testcase name="filteredColorSelectionOptionShouldBeAvailableInItemDetailsView" time="0,001" classname="pl.globallogic.etsy.features.SearchResultFilteringTest" />
                <testcase name="searchResultPageContentNotChangedIfFilterApplicationCanceled" time="0,001" classname="pl.globallogic.etsy.features.SearchResultFilteringTest" />
      
</testsuite>
