<?xml version="1.0" encoding="UTF-8"?>
<testsuite name="Surefire test"
           tests="2"
           failures="0"
           errors="0"
           skipped="0"
           time="19,762">
  <properties />
  
  
            <testcase name="shouldWaitForLandingPageImageToBeVisible" time="8,530" classname="pl.globallogic.etsy.wdcapatibilities.TimeoutDemoTest" />
                <testcase name="shouldWaitUntilCalculationResultWillBePresent" time="11,232" classname="pl.globallogic.etsy.wdcapatibilities.TimeoutDemoTest" />
      
</testsuite>
