<?xml version="1.0" encoding="UTF-8"?>
<testsuite name="Surefire test"
           tests="2"
           failures="0"
           errors="0"
           skipped="0"
           time="8,222">
  <properties />
  
  
            <testcase name="shouldDisplayNotFoundPageForInvalidQuery" time="3,521" classname="pl.globallogic.etsy.features.SearchFeatureVerificationTest" />
                <testcase name="shouldDisplaySearchResultsForValidQuery" time="4,701" classname="pl.globallogic.etsy.features.SearchFeatureVerificationTest" />
      
</testsuite>
