<?xml version="1.0" encoding="UTF-8"?>
<testsuite name="Surefire test"
           tests="2"
           failures="0"
           errors="0"
           skipped="0"
           time="10,340">
  <properties />
  
  
            <testcase name="shouldDisplaySearchResultsForValidQuery" time="5,554" classname="pl.globallogic.etsy.features.SearchFeatureVerificationTest" />
                <testcase name="shouldDisplayNotFoundPageForInvalidQuery" time="4,786" classname="pl.globallogic.etsy.features.SearchFeatureVerificationTest" />
      
</testsuite>
